2014-03-08 07:00:39 Error: [MissingActionException] Action AppController::View() could not be found.
Exception Attributes: array (
  'controller' => 'AppController',
  'action' => 'View',
)
Request URL: /cakephp/app/View/Drivers/add.ctp
Stack Trace:
#0 D:\wamp\www\cakephp\lib\Cake\Routing\Dispatcher.php(185): Controller->invokeAction(Object(CakeRequest))
#1 D:\wamp\www\cakephp\lib\Cake\Routing\Dispatcher.php(160): Dispatcher->_invoke(Object(AppController), Object(CakeRequest), Object(CakeResponse))
#2 D:\wamp\www\cakephp\app\webroot\index.php(108): Dispatcher->dispatch(Object(CakeRequest), Object(CakeResponse))
#3 {main}
2014-03-08 07:01:47 Error: [MissingActionException] Action DriversController::add.ctp() could not be found.
Exception Attributes: array (
  'controller' => 'DriversController',
  'action' => 'add.ctp',
)
Request URL: /cakephp/drivers/add.ctp
Stack Trace:
#0 D:\wamp\www\cakephp\lib\Cake\Routing\Dispatcher.php(185): Controller->invokeAction(Object(CakeRequest))
#1 D:\wamp\www\cakephp\lib\Cake\Routing\Dispatcher.php(160): Dispatcher->_invoke(Object(DriversController), Object(CakeRequest), Object(CakeResponse))
#2 D:\wamp\www\cakephp\app\webroot\index.php(108): Dispatcher->dispatch(Object(CakeRequest), Object(CakeResponse))
#3 {main}
